
---------------------------------

>> Final likelihood: -1714.683028

>> False negatives: 706 (7.06%)
>> False positives: 0 (0.0%)
>> True negatives: 6011 (60.11%)
>> True positives: 2309 (23.09%)
>> Added missing values: 974 (9.74%)

---------------------------------

>> PSO completed in 45.422259 seconds
>> Added mutations: 0

---------------------------------

[Parameters used]
>> Particles: 16
>> Cores: 8
>> Cells: 200
>> Mutations: 50
>> Alpha: 0.15
>> Beta: 1e-05
>> Gamma: 1.0
>> K: 0
>> Max deletions: 0
>> Tolerance: 0.005
>> Max time: inf
>> Iterations:
	- particle 0: 1808
	- particle 1: 1762
	- particle 2: 1734
	- particle 3: 1850
	- particle 4: 1918
	- particle 5: 1769
	- particle 6: 1663
	- particle 7: 1869
	- particle 8: 1822
	- particle 9: 1858
	- particle 10: 1755
	- particle 11: 1865
	- particle 12: 1942
	- particle 13: 1791
	- particle 14: 1646
	- particle 15: 1873

---------------------------------

