
---------------------------------

>> Final likelihood: -1032.817711

>> False negatives: 356 (3.56%)
>> False positives: 0 (0.0%)
>> True negatives: 6387 (63.87%)
>> True positives: 2199 (21.99%)
>> Added missing values: 1058 (10.58%)

---------------------------------

>> PSO completed in 82.205345 seconds
>> Added mutations: 0

---------------------------------

[Parameters used]
>> Particles: 16
>> Cores: 8
>> Cells: 200
>> Mutations: 50
>> Alpha: 0.15
>> Beta: 1e-05
>> Gamma: 1.0
>> K: 0
>> Max deletions: 0
>> Tolerance: 0.005
>> Max time: inf
>> Iterations:
	- particle 0: 3633
	- particle 1: 3300
	- particle 2: 3653
	- particle 3: 3784
	- particle 4: 3766
	- particle 5: 3967
	- particle 6: 3768
	- particle 7: 3513
	- particle 8: 3638
	- particle 9: 3440
	- particle 10: 3633
	- particle 11: 3777
	- particle 12: 3780
	- particle 13: 3961
	- particle 14: 3758
	- particle 15: 3483

---------------------------------

