
---------------------------------

>> Final likelihood: -971.252034

>> False negatives: 331 (3.31%)
>> False positives: 0 (0.0%)
>> True negatives: 6534 (65.34%)
>> True positives: 2112 (21.12%)
>> Added missing values: 1023 (10.23%)

---------------------------------

>> PSO completed in 59.209286 seconds
>> Added mutations: 0

---------------------------------

[Parameters used]
>> Particles: 16
>> Cores: 8
>> Cells: 200
>> Mutations: 50
>> Alpha: 0.15
>> Beta: 1e-05
>> Gamma: 1.0
>> K: 0
>> Max deletions: 0
>> Tolerance: 0.005
>> Max time: inf
>> Iterations:
	- particle 0: 2235
	- particle 1: 2059
	- particle 2: 2349
	- particle 3: 2333
	- particle 4: 2290
	- particle 5: 2376
	- particle 6: 2185
	- particle 7: 2360
	- particle 8: 2249
	- particle 9: 2131
	- particle 10: 2359
	- particle 11: 2361
	- particle 12: 2305
	- particle 13: 2379
	- particle 14: 2210
	- particle 15: 2330

---------------------------------

