
---------------------------------

>> Final likelihood: -1114.774852

>> False negatives: 376 (3.76%)
>> False positives: 1 (0.01%)
>> True negatives: 6190 (61.9%)
>> True positives: 2399 (23.99%)
>> Added missing values: 1034 (10.34%)

---------------------------------

>> PSO completed in 65.757256 seconds
>> Added mutations: 0

---------------------------------

[Parameters used]
>> Particles: 16
>> Cores: 8
>> Cells: 200
>> Mutations: 50
>> Alpha: 0.15
>> Beta: 1e-05
>> Gamma: 1.0
>> K: 0
>> Max deletions: 0
>> Tolerance: 0.005
>> Max time: inf
>> Iterations:
	- particle 0: 2939
	- particle 1: 2765
	- particle 2: 3087
	- particle 3: 3142
	- particle 4: 3129
	- particle 5: 2948
	- particle 6: 3016
	- particle 7: 3030
	- particle 8: 2980
	- particle 9: 2892
	- particle 10: 3108
	- particle 11: 3102
	- particle 12: 3113
	- particle 13: 2993
	- particle 14: 3028
	- particle 15: 3005

---------------------------------

