
---------------------------------

>> Final likelihood: -1038.262122

>> False negatives: 379 (3.79%)
>> False positives: 0 (0.0%)
>> True negatives: 6647 (66.47%)
>> True positives: 1964 (19.64%)
>> Added missing values: 1010 (10.1%)

---------------------------------

>> PSO completed in 65.066400 seconds
>> Added mutations: 0

---------------------------------

[Parameters used]
>> Particles: 16
>> Cores: 8
>> Cells: 200
>> Mutations: 50
>> Alpha: 0.15
>> Beta: 1e-05
>> Gamma: 1.0
>> K: 0
>> Max deletions: 0
>> Tolerance: 0.005
>> Max time: inf
>> Iterations:
	- particle 0: 3257
	- particle 1: 2880
	- particle 2: 3049
	- particle 3: 3214
	- particle 4: 3004
	- particle 5: 3007
	- particle 6: 3274
	- particle 7: 3048
	- particle 8: 3250
	- particle 9: 3022
	- particle 10: 3054
	- particle 11: 3216
	- particle 12: 3027
	- particle 13: 3037
	- particle 14: 3276
	- particle 15: 3019

---------------------------------

