
---------------------------------

>> Final likelihood: -969.612825

>> False negatives: 319 (3.19%)
>> False positives: 0 (0.0%)
>> True negatives: 6411 (64.11%)
>> True positives: 2242 (22.42%)
>> Added missing values: 1028 (10.28%)

---------------------------------

>> PSO completed in 114.484537 seconds
>> Added mutations: 0

---------------------------------

[Parameters used]
>> Particles: 16
>> Cores: 8
>> Cells: 200
>> Mutations: 50
>> Alpha: 0.15
>> Beta: 1e-05
>> Gamma: 1.0
>> K: 0
>> Max deletions: 0
>> Tolerance: 0.005
>> Max time: inf
>> Iterations:
	- particle 0: 5299
	- particle 1: 4775
	- particle 2: 5039
	- particle 3: 5395
	- particle 4: 5099
	- particle 5: 5427
	- particle 6: 5156
	- particle 7: 5209
	- particle 8: 5292
	- particle 9: 5014
	- particle 10: 5035
	- particle 11: 5412
	- particle 12: 5083
	- particle 13: 5436
	- particle 14: 5210
	- particle 15: 5209

---------------------------------

