
---------------------------------

>> Final likelihood: -233.277923

>> False negatives: 96 (12.8%)
>> False positives: 0 (0.0%)
>> True negatives: 221 (29.47%)
>> True positives: 353 (47.07%)
>> Added missing values: 80 (10.67%)

---------------------------------

>> PSO completed in 15.986883 seconds
>> Added mutations: 1
	- "6" -> 1

---------------------------------

[Parameters used]
>> Particles: 16
>> Cores: 8
>> Cells: 50
>> Mutations: 15
>> Alpha: 0.2
>> Beta: 1e-05
>> Gamma: 1.0
>> K: 3
>> Max deletions: 3
>> Tolerance: 0.005
>> Max time: inf
>> Iterations:
	- particle 0: 1975
	- particle 1: 1421
	- particle 2: 1964
	- particle 3: 1999
	- particle 4: 2037
	- particle 5: 2059
	- particle 6: 1954
	- particle 7: 1958
	- particle 8: 1969
	- particle 9: 1960
	- particle 10: 1926
	- particle 11: 1941
	- particle 12: 2042
	- particle 13: 2064
	- particle 14: 1921
	- particle 15: 1990

---------------------------------

