
---------------------------------

>> Final likelihood: -183.575710

>> False negatives: 69 (9.2%)
>> False positives: 0 (0.0%)
>> True negatives: 284 (37.87%)
>> True positives: 325 (43.33%)
>> Added missing values: 72 (9.6%)

---------------------------------

>> PSO completed in 13.142508 seconds
>> Added mutations: 1
	- "1" -> 1

---------------------------------

[Parameters used]
>> Particles: 16
>> Cores: 8
>> Cells: 50
>> Mutations: 15
>> Alpha: 0.2
>> Beta: 1e-05
>> Gamma: 1.0
>> K: 3
>> Max deletions: 3
>> Tolerance: 0.005
>> Max time: inf
>> Iterations:
	- particle 0: 1820
	- particle 1: 1332
	- particle 2: 1868
	- particle 3: 1941
	- particle 4: 1861
	- particle 5: 1899
	- particle 6: 1857
	- particle 7: 1666
	- particle 8: 1853
	- particle 9: 1524
	- particle 10: 1864
	- particle 11: 1949
	- particle 12: 1878
	- particle 13: 1930
	- particle 14: 1810
	- particle 15: 1646

---------------------------------

