
---------------------------------

>> Final likelihood: -100.821008

>> False negatives: 32 (4.27%)
>> False positives: 0 (0.0%)
>> True negatives: 427 (56.93%)
>> True positives: 221 (29.47%)
>> Added missing values: 70 (9.33%)

---------------------------------

>> PSO completed in 13.987244 seconds
>> Added mutations: 1
	- "10" -> 1

---------------------------------

[Parameters used]
>> Particles: 16
>> Cores: 8
>> Cells: 50
>> Mutations: 15
>> Alpha: 0.2
>> Beta: 1e-05
>> Gamma: 1.0
>> K: 3
>> Max deletions: 3
>> Tolerance: 0.005
>> Max time: inf
>> Iterations:
	- particle 0: 1765
	- particle 1: 1234
	- particle 2: 1723
	- particle 3: 1667
	- particle 4: 1742
	- particle 5: 1682
	- particle 6: 1737
	- particle 7: 1684
	- particle 8: 1740
	- particle 9: 1596
	- particle 10: 1762
	- particle 11: 1647
	- particle 12: 1734
	- particle 13: 1687
	- particle 14: 1763
	- particle 15: 1700

---------------------------------

