
---------------------------------

>> Final likelihood: -98.366409

>> False negatives: 32 (4.27%)
>> False positives: 0 (0.0%)
>> True negatives: 425 (56.67%)
>> True positives: 210 (28.0%)
>> Added missing values: 83 (11.07%)

---------------------------------

>> PSO completed in 12.571647 seconds
>> Added mutations: 1
	- "12" -> 1

---------------------------------

[Parameters used]
>> Particles: 16
>> Cores: 8
>> Cells: 50
>> Mutations: 15
>> Alpha: 0.2
>> Beta: 1e-05
>> Gamma: 1.0
>> K: 3
>> Max deletions: 3
>> Tolerance: 0.005
>> Max time: inf
>> Iterations:
	- particle 0: 1590
	- particle 1: 1169
	- particle 2: 1613
	- particle 3: 1656
	- particle 4: 1555
	- particle 5: 1651
	- particle 6: 1580
	- particle 7: 1594
	- particle 8: 1585
	- particle 9: 1560
	- particle 10: 1589
	- particle 11: 1675
	- particle 12: 1529
	- particle 13: 1705
	- particle 14: 1559
	- particle 15: 1590

---------------------------------

