
---------------------------------

>> Final likelihood: -86.079702

>> False negatives: 27 (3.6%)
>> False positives: 0 (0.0%)
>> True negatives: 446 (59.47%)
>> True positives: 191 (25.47%)
>> Added missing values: 86 (11.47%)

---------------------------------

>> PSO completed in 12.369134 seconds
>> Added mutations: 1
	- "2" -> 1

---------------------------------

[Parameters used]
>> Particles: 16
>> Cores: 8
>> Cells: 50
>> Mutations: 15
>> Alpha: 0.2
>> Beta: 1e-05
>> Gamma: 1.0
>> K: 3
>> Max deletions: 3
>> Tolerance: 0.005
>> Max time: inf
>> Iterations:
	- particle 0: 1609
	- particle 1: 1301
	- particle 2: 1545
	- particle 3: 1681
	- particle 4: 1660
	- particle 5: 1730
	- particle 6: 1810
	- particle 7: 1644
	- particle 8: 1582
	- particle 9: 1571
	- particle 10: 1561
	- particle 11: 1705
	- particle 12: 1682
	- particle 13: 1724
	- particle 14: 1823
	- particle 15: 1642

---------------------------------

