
---------------------------------

>> Final likelihood: -88.933055

>> False negatives: 26 (3.47%)
>> False positives: 0 (0.0%)
>> True negatives: 438 (58.4%)
>> True positives: 211 (28.13%)
>> Added missing values: 75 (10.0%)

---------------------------------

>> PSO completed in 13.255983 seconds
>> Added mutations: 1
	- "12" -> 1

---------------------------------

[Parameters used]
>> Particles: 16
>> Cores: 8
>> Cells: 50
>> Mutations: 15
>> Alpha: 0.2
>> Beta: 1e-05
>> Gamma: 1.0
>> K: 3
>> Max deletions: 3
>> Tolerance: 0.005
>> Max time: inf
>> Iterations:
	- particle 0: 1805
	- particle 1: 1295
	- particle 2: 1865
	- particle 3: 1662
	- particle 4: 1733
	- particle 5: 1797
	- particle 6: 1826
	- particle 7: 1835
	- particle 8: 1777
	- particle 9: 1726
	- particle 10: 1849
	- particle 11: 1683
	- particle 12: 1741
	- particle 13: 1787
	- particle 14: 1827
	- particle 15: 1767

---------------------------------

