
---------------------------------

>> Final likelihood: -126.158729

>> False negatives: 44 (5.87%)
>> False positives: 0 (0.0%)
>> True negatives: 386 (51.47%)
>> True positives: 248 (33.07%)
>> Added missing values: 72 (9.6%)

---------------------------------

>> PSO completed in 14.652676 seconds
>> Added mutations: 1
	- "12" -> 1

---------------------------------

[Parameters used]
>> Particles: 16
>> Cores: 8
>> Cells: 50
>> Mutations: 15
>> Alpha: 0.2
>> Beta: 1e-05
>> Gamma: 1.0
>> K: 3
>> Max deletions: 3
>> Tolerance: 0.005
>> Max time: inf
>> Iterations:
	- particle 0: 1851
	- particle 1: 1373
	- particle 2: 1887
	- particle 3: 1847
	- particle 4: 1919
	- particle 5: 1852
	- particle 6: 1939
	- particle 7: 1865
	- particle 8: 1858
	- particle 9: 1890
	- particle 10: 1916
	- particle 11: 1885
	- particle 12: 1922
	- particle 13: 1900
	- particle 14: 1914
	- particle 15: 1945

---------------------------------

