
---------------------------------

>> Final likelihood: -108.151124

>> False negatives: 36 (4.8%)
>> False positives: 0 (0.0%)
>> True negatives: 406 (54.13%)
>> True positives: 225 (30.0%)
>> Added missing values: 83 (11.07%)

---------------------------------

>> PSO completed in 13.958665 seconds
>> Added mutations: 1
	- "2" -> 1

---------------------------------

[Parameters used]
>> Particles: 16
>> Cores: 8
>> Cells: 50
>> Mutations: 15
>> Alpha: 0.2
>> Beta: 1e-05
>> Gamma: 1.0
>> K: 3
>> Max deletions: 3
>> Tolerance: 0.005
>> Max time: inf
>> Iterations:
	- particle 0: 1783
	- particle 1: 1134
	- particle 2: 1723
	- particle 3: 1701
	- particle 4: 1738
	- particle 5: 1696
	- particle 6: 1760
	- particle 7: 1701
	- particle 8: 1783
	- particle 9: 1692
	- particle 10: 1725
	- particle 11: 1734
	- particle 12: 1722
	- particle 13: 1707
	- particle 14: 1750
	- particle 15: 1712

---------------------------------

