
---------------------------------

>> Final likelihood: -141.839912

>> False negatives: 50 (6.67%)
>> False positives: 0 (0.0%)
>> True negatives: 354 (47.2%)
>> True positives: 275 (36.67%)
>> Added missing values: 71 (9.47%)

---------------------------------

>> PSO completed in 18.144580 seconds
>> Added mutations: 1
	- "1" -> 1

---------------------------------

[Parameters used]
>> Particles: 16
>> Cores: 8
>> Cells: 50
>> Mutations: 15
>> Alpha: 0.2
>> Beta: 1e-05
>> Gamma: 1.0
>> K: 3
>> Max deletions: 3
>> Tolerance: 0.005
>> Max time: inf
>> Iterations:
	- particle 0: 2266
	- particle 1: 1600
	- particle 2: 2611
	- particle 3: 2534
	- particle 4: 2529
	- particle 5: 2579
	- particle 6: 2440
	- particle 7: 2535
	- particle 8: 2265
	- particle 9: 2077
	- particle 10: 2569
	- particle 11: 2498
	- particle 12: 2582
	- particle 13: 2499
	- particle 14: 2435
	- particle 15: 2531

---------------------------------

