
---------------------------------

>> Final likelihood: -90.765607

>> False negatives: 27 (3.6%)
>> False positives: 0 (0.0%)
>> True negatives: 435 (58.0%)
>> True positives: 212 (28.27%)
>> Added missing values: 76 (10.13%)

---------------------------------

>> PSO completed in 10.293924 seconds
>> Added mutations: 0

---------------------------------

[Parameters used]
>> Particles: 16
>> Cores: 8
>> Cells: 50
>> Mutations: 15
>> Alpha: 0.2
>> Beta: 1e-05
>> Gamma: 1.0
>> K: 3
>> Max deletions: 3
>> Tolerance: 0.005
>> Max time: inf
>> Iterations:
	- particle 0: 1442
	- particle 1: 1173
	- particle 2: 1636
	- particle 3: 1657
	- particle 4: 1633
	- particle 5: 1662
	- particle 6: 1519
	- particle 7: 1561
	- particle 8: 1440
	- particle 9: 1499
	- particle 10: 1663
	- particle 11: 1716
	- particle 12: 1602
	- particle 13: 1648
	- particle 14: 1521
	- particle 15: 1567

---------------------------------

