
---------------------------------

>> Final likelihood: -104.533454

>> False negatives: 35 (4.67%)
>> False positives: 0 (0.0%)
>> True negatives: 412 (54.93%)
>> True positives: 216 (28.8%)
>> Added missing values: 87 (11.6%)

---------------------------------

>> PSO completed in 6.153054 seconds
>> Added mutations: 0

---------------------------------

[Parameters used]
>> Particles: 16
>> Cores: 8
>> Cells: 50
>> Mutations: 15
>> Alpha: 0.2
>> Beta: 1e-05
>> Gamma: 1.0
>> K: 0
>> Max deletions: 0
>> Tolerance: 0.005
>> Max time: inf
>> Iterations:
	- particle 0: 790
	- particle 1: 612
	- particle 2: 812
	- particle 3: 738
	- particle 4: 748
	- particle 5: 722
	- particle 6: 755
	- particle 7: 745
	- particle 8: 771
	- particle 9: 737
	- particle 10: 822
	- particle 11: 731
	- particle 12: 745
	- particle 13: 732
	- particle 14: 743
	- particle 15: 763

---------------------------------

