
---------------------------------

>> Final likelihood: -107.258560

>> False negatives: 36 (4.8%)
>> False positives: 0 (0.0%)
>> True negatives: 407 (54.27%)
>> True positives: 221 (29.47%)
>> Added missing values: 86 (11.47%)

---------------------------------

>> PSO completed in 4.739996 seconds
>> Added mutations: 0

---------------------------------

[Parameters used]
>> Particles: 16
>> Cores: 8
>> Cells: 50
>> Mutations: 15
>> Alpha: 0.2
>> Beta: 1e-05
>> Gamma: 1.0
>> K: 0
>> Max deletions: 0
>> Tolerance: 0.005
>> Max time: inf
>> Iterations:
	- particle 0: 706
	- particle 1: 547
	- particle 2: 636
	- particle 3: 599
	- particle 4: 722
	- particle 5: 626
	- particle 6: 733
	- particle 7: 701
	- particle 8: 718
	- particle 9: 639
	- particle 10: 622
	- particle 11: 592
	- particle 12: 721
	- particle 13: 650
	- particle 14: 719
	- particle 15: 700

---------------------------------

