
---------------------------------

>> Final likelihood: -67.450359

>> False negatives: 20 (2.67%)
>> False positives: 0 (0.0%)
>> True negatives: 492 (65.6%)
>> True positives: 158 (21.07%)
>> Added missing values: 80 (10.67%)

---------------------------------

>> PSO completed in 7.911362 seconds
>> Added mutations: 0

---------------------------------

[Parameters used]
>> Particles: 16
>> Cores: 8
>> Cells: 50
>> Mutations: 15
>> Alpha: 0.2
>> Beta: 1e-05
>> Gamma: 1.0
>> K: 0
>> Max deletions: 0
>> Tolerance: 0.005
>> Max time: inf
>> Iterations:
	- particle 0: 468
	- particle 1: 523
	- particle 2: 487
	- particle 3: 641
	- particle 4: 620
	- particle 5: 496
	- particle 6: 495
	- particle 7: 487
	- particle 8: 508
	- particle 9: 585
	- particle 10: 491
	- particle 11: 642
	- particle 12: 618
	- particle 13: 495
	- particle 14: 485
	- particle 15: 466

---------------------------------

