
---------------------------------

>> Final likelihood: -167.049366

>> False negatives: 64 (8.53%)
>> False positives: 0 (0.0%)
>> True negatives: 314 (41.87%)
>> True positives: 287 (38.27%)
>> Added missing values: 85 (11.33%)

---------------------------------

>> PSO completed in 5.469485 seconds
>> Added mutations: 0

---------------------------------

[Parameters used]
>> Particles: 16
>> Cores: 8
>> Cells: 50
>> Mutations: 15
>> Alpha: 0.2
>> Beta: 1e-05
>> Gamma: 1.0
>> K: 0
>> Max deletions: 0
>> Tolerance: 0.005
>> Max time: inf
>> Iterations:
	- particle 0: 760
	- particle 1: 557
	- particle 2: 708
	- particle 3: 780
	- particle 4: 770
	- particle 5: 793
	- particle 6: 780
	- particle 7: 715
	- particle 8: 762
	- particle 9: 686
	- particle 10: 679
	- particle 11: 773
	- particle 12: 772
	- particle 13: 795
	- particle 14: 765
	- particle 15: 711

---------------------------------

