
---------------------------------

>> Final likelihood: -194.874877

>> False negatives: 72 (9.6%)
>> False positives: 0 (0.0%)
>> True negatives: 253 (33.73%)
>> True positives: 354 (47.2%)
>> Added missing values: 71 (9.47%)

---------------------------------

>> PSO completed in 5.813768 seconds
>> Added mutations: 0

---------------------------------

[Parameters used]
>> Particles: 16
>> Cores: 8
>> Cells: 50
>> Mutations: 15
>> Alpha: 0.2
>> Beta: 1e-05
>> Gamma: 1.0
>> K: 0
>> Max deletions: 0
>> Tolerance: 0.005
>> Max time: inf
>> Iterations:
	- particle 0: 812
	- particle 1: 609
	- particle 2: 719
	- particle 3: 780
	- particle 4: 765
	- particle 5: 764
	- particle 6: 733
	- particle 7: 728
	- particle 8: 803
	- particle 9: 734
	- particle 10: 730
	- particle 11: 800
	- particle 12: 786
	- particle 13: 800
	- particle 14: 746
	- particle 15: 732

---------------------------------

