
---------------------------------

>> Final likelihood: -99.306356

>> False negatives: 33 (4.4%)
>> False positives: 0 (0.0%)
>> True negatives: 419 (55.87%)
>> True positives: 207 (27.6%)
>> Added missing values: 91 (12.13%)

---------------------------------

>> PSO completed in 5.462936 seconds
>> Added mutations: 0

---------------------------------

[Parameters used]
>> Particles: 16
>> Cores: 8
>> Cells: 50
>> Mutations: 15
>> Alpha: 0.2
>> Beta: 1e-05
>> Gamma: 1.0
>> K: 0
>> Max deletions: 0
>> Tolerance: 0.005
>> Max time: inf
>> Iterations:
	- particle 0: 711
	- particle 1: 512
	- particle 2: 711
	- particle 3: 735
	- particle 4: 706
	- particle 5: 777
	- particle 6: 760
	- particle 7: 764
	- particle 8: 716
	- particle 9: 667
	- particle 10: 726
	- particle 11: 733
	- particle 12: 730
	- particle 13: 768
	- particle 14: 748
	- particle 15: 759

---------------------------------

