
---------------------------------

>> Final likelihood: -112.357590

>> False negatives: 40 (5.33%)
>> False positives: 0 (0.0%)
>> True negatives: 421 (56.13%)
>> True positives: 215 (28.67%)
>> Added missing values: 74 (9.87%)

---------------------------------

>> PSO completed in 7.109665 seconds
>> Added mutations: 0

---------------------------------

[Parameters used]
>> Particles: 16
>> Cores: 8
>> Cells: 50
>> Mutations: 15
>> Alpha: 0.2
>> Beta: 1e-05
>> Gamma: 1.0
>> K: 0
>> Max deletions: 0
>> Tolerance: 0.005
>> Max time: inf
>> Iterations:
	- particle 0: 814
	- particle 1: 623
	- particle 2: 807
	- particle 3: 853
	- particle 4: 787
	- particle 5: 817
	- particle 6: 777
	- particle 7: 845
	- particle 8: 805
	- particle 9: 762
	- particle 10: 802
	- particle 11: 861
	- particle 12: 790
	- particle 13: 823
	- particle 14: 774
	- particle 15: 855

---------------------------------

