
---------------------------------

>> Final likelihood: -27826.099172

>> False negatives: 4704 (11.76%)
>> False positives: 1521 (3.8%)
>> True negatives: 21265 (53.16%)
>> True positives: 8557 (21.39%)
>> Added missing values: 3953 (9.88%)

---------------------------------

>> PSO completed in 984.071451 seconds
>> Added mutations: 2
	- "5" -> 1
	- "167" -> 1

---------------------------------

[Parameters used]
>> Particles: 16
>> Cores: 8
>> Cells: 200
>> Mutations: 200
>> Alpha: 0.15
>> Beta: 1e-05
>> Gamma: 1.0
>> K: 3
>> Max deletions: 3
>> Tolerance: 0.005
>> Max time: inf
>> Iterations:
	- particle 0: 6282
	- particle 1: 4857
	- particle 2: 4744
	- particle 3: 4712
	- particle 4: 4684
	- particle 5: 5425
	- particle 6: 4634
	- particle 7: 5414
	- particle 8: 6355
	- particle 9: 4862
	- particle 10: 4745
	- particle 11: 4705
	- particle 12: 4711
	- particle 13: 5374
	- particle 14: 4657
	- particle 15: 5458

---------------------------------

