
---------------------------------

>> Final likelihood: -83.405398

>> False negatives: 27 (3.6%)
>> False positives: 0 (0.0%)
>> True negatives: 441 (58.8%)
>> True positives: 198 (26.4%)
>> Added missing values: 84 (11.2%)

---------------------------------

>> PSO completed in 4.978975 seconds
>> Added mutations: 0

---------------------------------

[Parameters used]
>> Particles: 16
>> Cores: 8
>> Cells: 50
>> Mutations: 15
>> Alpha: 0.15
>> Beta: 1e-05
>> Gamma: 1.0
>> K: 0
>> Max deletions: 0
>> Tolerance: 0.005
>> Max time: inf
>> Iterations:
	- particle 0: 653
	- particle 1: 575
	- particle 2: 580
	- particle 3: 849
	- particle 4: 722
	- particle 5: 662
	- particle 6: 593
	- particle 7: 708
	- particle 8: 676
	- particle 9: 660
	- particle 10: 589
	- particle 11: 851
	- particle 12: 710
	- particle 13: 635
	- particle 14: 580
	- particle 15: 701

---------------------------------

