
---------------------------------

>> Final likelihood: -74.948088

>> False negatives: 21 (2.8%)
>> False positives: 0 (0.0%)
>> True negatives: 448 (59.73%)
>> True positives: 216 (28.8%)
>> Added missing values: 65 (8.67%)

---------------------------------

>> PSO completed in 4.903665 seconds
>> Added mutations: 0

---------------------------------

[Parameters used]
>> Particles: 16
>> Cores: 8
>> Cells: 50
>> Mutations: 15
>> Alpha: 0.15
>> Beta: 1e-05
>> Gamma: 1.0
>> K: 0
>> Max deletions: 0
>> Tolerance: 0.005
>> Max time: inf
>> Iterations:
	- particle 0: 645
	- particle 1: 558
	- particle 2: 704
	- particle 3: 498
	- particle 4: 711
	- particle 5: 558
	- particle 6: 593
	- particle 7: 630
	- particle 8: 648
	- particle 9: 625
	- particle 10: 692
	- particle 11: 504
	- particle 12: 723
	- particle 13: 549
	- particle 14: 587
	- particle 15: 636

---------------------------------

