
---------------------------------

>> Final likelihood: -57.442906

>> False negatives: 14 (1.87%)
>> False positives: 0 (0.0%)
>> True negatives: 463 (61.73%)
>> True positives: 190 (25.33%)
>> Added missing values: 83 (11.07%)

---------------------------------

>> PSO completed in 5.208009 seconds
>> Added mutations: 0

---------------------------------

[Parameters used]
>> Particles: 16
>> Cores: 8
>> Cells: 50
>> Mutations: 15
>> Alpha: 0.15
>> Beta: 1e-05
>> Gamma: 1.0
>> K: 0
>> Max deletions: 0
>> Tolerance: 0.005
>> Max time: inf
>> Iterations:
	- particle 0: 678
	- particle 1: 528
	- particle 2: 728
	- particle 3: 719
	- particle 4: 658
	- particle 5: 711
	- particle 6: 623
	- particle 7: 712
	- particle 8: 677
	- particle 9: 606
	- particle 10: 728
	- particle 11: 712
	- particle 12: 678
	- particle 13: 715
	- particle 14: 643
	- particle 15: 721

---------------------------------

