
---------------------------------

>> Final likelihood: -158.837670

>> False negatives: 51 (6.8%)
>> False positives: 0 (0.0%)
>> True negatives: 232 (30.93%)
>> True positives: 382 (50.93%)
>> Added missing values: 85 (11.33%)

---------------------------------

>> PSO completed in 5.526074 seconds
>> Added mutations: 0

---------------------------------

[Parameters used]
>> Particles: 16
>> Cores: 8
>> Cells: 50
>> Mutations: 15
>> Alpha: 0.15
>> Beta: 1e-05
>> Gamma: 1.0
>> K: 0
>> Max deletions: 0
>> Tolerance: 0.005
>> Max time: inf
>> Iterations:
	- particle 0: 694
	- particle 1: 591
	- particle 2: 753
	- particle 3: 696
	- particle 4: 762
	- particle 5: 734
	- particle 6: 900
	- particle 7: 766
	- particle 8: 690
	- particle 9: 650
	- particle 10: 732
	- particle 11: 672
	- particle 12: 781
	- particle 13: 731
	- particle 14: 883
	- particle 15: 762

---------------------------------

