
---------------------------------

>> Final likelihood: -134.238900

>> False negatives: 46 (6.13%)
>> False positives: 0 (0.0%)
>> True negatives: 341 (45.47%)
>> True positives: 289 (38.53%)
>> Added missing values: 74 (9.87%)

---------------------------------

>> PSO completed in 4.760648 seconds
>> Added mutations: 0

---------------------------------

[Parameters used]
>> Particles: 16
>> Cores: 8
>> Cells: 50
>> Mutations: 15
>> Alpha: 0.15
>> Beta: 1e-05
>> Gamma: 1.0
>> K: 0
>> Max deletions: 0
>> Tolerance: 0.005
>> Max time: inf
>> Iterations:
	- particle 0: 573
	- particle 1: 657
	- particle 2: 644
	- particle 3: 520
	- particle 4: 567
	- particle 5: 590
	- particle 6: 684
	- particle 7: 610
	- particle 8: 567
	- particle 9: 754
	- particle 10: 654
	- particle 11: 525
	- particle 12: 566
	- particle 13: 592
	- particle 14: 687
	- particle 15: 620

---------------------------------

