
---------------------------------

>> Final likelihood: -1538.350748

>> False negatives: 537 (5.37%)
>> False positives: 14 (0.14%)
>> True negatives: 6212 (62.12%)
>> True positives: 2205 (22.05%)
>> Added missing values: 1032 (10.32%)

---------------------------------

>> PSO completed in 65.344549 seconds
>> Added mutations: 1
	- "36" -> 1

---------------------------------

[Parameters used]
>> Particles: 16
>> Cores: 8
>> Cells: 200
>> Mutations: 50
>> Alpha: 0.15
>> Beta: 1e-05
>> Gamma: 1.0
>> K: 3
>> Max deletions: 3
>> Tolerance: 0.005
>> Max time: inf
>> Iterations:
	- particle 0: 3006
	- particle 1: 2773
	- particle 2: 3019
	- particle 3: 3219
	- particle 4: 3012
	- particle 5: 2991
	- particle 6: 3252
	- particle 7: 3161
	- particle 8: 2996
	- particle 9: 2917
	- particle 10: 2985
	- particle 11: 3218
	- particle 12: 2990
	- particle 13: 3004
	- particle 14: 3250
	- particle 15: 3160

---------------------------------

