
---------------------------------

>> Final likelihood: -1770.398039

>> False negatives: 685 (6.85%)
>> False positives: 0 (0.0%)
>> True negatives: 5351 (53.51%)
>> True positives: 2897 (28.97%)
>> Added missing values: 1067 (10.67%)

---------------------------------

>> PSO completed in 58.402645 seconds
>> Added mutations: 1
	- "3" -> 1

---------------------------------

[Parameters used]
>> Particles: 16
>> Cores: 8
>> Cells: 200
>> Mutations: 50
>> Alpha: 0.15
>> Beta: 1e-05
>> Gamma: 1.0
>> K: 3
>> Max deletions: 3
>> Tolerance: 0.005
>> Max time: inf
>> Iterations:
	- particle 0: 2562
	- particle 1: 2436
	- particle 2: 2789
	- particle 3: 2863
	- particle 4: 2849
	- particle 5: 2710
	- particle 6: 2584
	- particle 7: 2710
	- particle 8: 2511
	- particle 9: 2576
	- particle 10: 2805
	- particle 11: 2865
	- particle 12: 2852
	- particle 13: 2743
	- particle 14: 2606
	- particle 15: 2684

---------------------------------

