
---------------------------------

>> Final likelihood: -1578.296669

>> False negatives: 578 (5.78%)
>> False positives: 0 (0.0%)
>> True negatives: 5521 (55.21%)
>> True positives: 2964 (29.64%)
>> Added missing values: 937 (9.37%)

---------------------------------

>> PSO completed in 93.931195 seconds
>> Added mutations: 0

---------------------------------

[Parameters used]
>> Particles: 16
>> Cores: 8
>> Cells: 200
>> Mutations: 50
>> Alpha: 0.15
>> Beta: 1e-05
>> Gamma: 1.0
>> K: 3
>> Max deletions: 3
>> Tolerance: 0.005
>> Max time: inf
>> Iterations:
	- particle 0: 3930
	- particle 1: 3518
	- particle 2: 4103
	- particle 3: 3691
	- particle 4: 3631
	- particle 5: 3657
	- particle 6: 4141
	- particle 7: 4027
	- particle 8: 3908
	- particle 9: 3664
	- particle 10: 4095
	- particle 11: 3693
	- particle 12: 3638
	- particle 13: 3667
	- particle 14: 4146
	- particle 15: 4047

---------------------------------

