
---------------------------------

>> Final likelihood: -1735.028632

>> False negatives: 641 (6.41%)
>> False positives: 0 (0.0%)
>> True negatives: 5178 (51.78%)
>> True positives: 3193 (31.93%)
>> Added missing values: 988 (9.88%)

---------------------------------

>> PSO completed in 77.859673 seconds
>> Added mutations: 1
	- "9" -> 1

---------------------------------

[Parameters used]
>> Particles: 16
>> Cores: 8
>> Cells: 200
>> Mutations: 50
>> Alpha: 0.15
>> Beta: 1e-05
>> Gamma: 1.0
>> K: 3
>> Max deletions: 3
>> Tolerance: 0.005
>> Max time: inf
>> Iterations:
	- particle 0: 3561
	- particle 1: 3246
	- particle 2: 3424
	- particle 3: 3438
	- particle 4: 3675
	- particle 5: 3466
	- particle 6: 3721
	- particle 7: 3554
	- particle 8: 3547
	- particle 9: 3418
	- particle 10: 3411
	- particle 11: 3434
	- particle 12: 3680
	- particle 13: 3468
	- particle 14: 3737
	- particle 15: 3550

---------------------------------

