
---------------------------------

>> Final likelihood: -93.972105

>> False negatives: 30 (4.0%)
>> False positives: 0 (0.0%)
>> True negatives: 419 (55.87%)
>> True positives: 228 (30.4%)
>> Added missing values: 73 (9.73%)

---------------------------------

>> PSO completed in 8.882240 seconds
>> Added mutations: 0

---------------------------------

[Parameters used]
>> Particles: 16
>> Cores: 8
>> Cells: 50
>> Mutations: 15
>> Alpha: 0.15
>> Beta: 1e-05
>> Gamma: 1.0
>> K: 3
>> Max deletions: 3
>> Tolerance: 0.005
>> Max time: inf
>> Iterations:
	- particle 0: 1408
	- particle 1: 1052
	- particle 2: 1349
	- particle 3: 1346
	- particle 4: 1270
	- particle 5: 1317
	- particle 6: 1338
	- particle 7: 1391
	- particle 8: 1418
	- particle 9: 1283
	- particle 10: 1370
	- particle 11: 1332
	- particle 12: 1268
	- particle 13: 1323
	- particle 14: 1379
	- particle 15: 1406

---------------------------------

