
---------------------------------

>> Final likelihood: -74.135464

>> False negatives: 21 (2.8%)
>> False positives: 0 (0.0%)
>> True negatives: 445 (59.33%)
>> True positives: 211 (28.13%)
>> Added missing values: 73 (9.73%)

---------------------------------

>> PSO completed in 10.578563 seconds
>> Added mutations: 1
	- "6" -> 1

---------------------------------

[Parameters used]
>> Particles: 16
>> Cores: 8
>> Cells: 50
>> Mutations: 15
>> Alpha: 0.15
>> Beta: 1e-05
>> Gamma: 1.0
>> K: 3
>> Max deletions: 3
>> Tolerance: 0.005
>> Max time: inf
>> Iterations:
	- particle 0: 1544
	- particle 1: 1074
	- particle 2: 1481
	- particle 3: 1430
	- particle 4: 1508
	- particle 5: 1434
	- particle 6: 1362
	- particle 7: 1382
	- particle 8: 1532
	- particle 9: 1415
	- particle 10: 1424
	- particle 11: 1425
	- particle 12: 1472
	- particle 13: 1403
	- particle 14: 1402
	- particle 15: 1401

---------------------------------

