
---------------------------------

>> Final likelihood: -70.722646

>> False negatives: 21 (2.8%)
>> False positives: 0 (0.0%)
>> True negatives: 453 (60.4%)
>> True positives: 190 (25.33%)
>> Added missing values: 86 (11.47%)

---------------------------------

>> PSO completed in 11.843264 seconds
>> Added mutations: 2
	- "1" -> 1
	- "7" -> 1

---------------------------------

[Parameters used]
>> Particles: 16
>> Cores: 8
>> Cells: 50
>> Mutations: 15
>> Alpha: 0.15
>> Beta: 1e-05
>> Gamma: 1.0
>> K: 3
>> Max deletions: 3
>> Tolerance: 0.005
>> Max time: inf
>> Iterations:
	- particle 0: 1800
	- particle 1: 1269
	- particle 2: 1824
	- particle 3: 1540
	- particle 4: 1918
	- particle 5: 1573
	- particle 6: 1715
	- particle 7: 1858
	- particle 8: 1795
	- particle 9: 1680
	- particle 10: 1864
	- particle 11: 1565
	- particle 12: 1911
	- particle 13: 1603
	- particle 14: 1701
	- particle 15: 1866

---------------------------------

