
---------------------------------

>> Final likelihood: -63.349802

>> False negatives: 16 (2.13%)
>> False positives: 0 (0.0%)
>> True negatives: 454 (60.53%)
>> True positives: 203 (27.07%)
>> Added missing values: 77 (10.27%)

---------------------------------

>> PSO completed in 12.104489 seconds
>> Added mutations: 1
	- "7" -> 1

---------------------------------

[Parameters used]
>> Particles: 16
>> Cores: 8
>> Cells: 50
>> Mutations: 15
>> Alpha: 0.15
>> Beta: 1e-05
>> Gamma: 1.0
>> K: 3
>> Max deletions: 3
>> Tolerance: 0.005
>> Max time: inf
>> Iterations:
	- particle 0: 1693
	- particle 1: 1265
	- particle 2: 1735
	- particle 3: 1653
	- particle 4: 1712
	- particle 5: 1666
	- particle 6: 1595
	- particle 7: 1605
	- particle 8: 1688
	- particle 9: 1599
	- particle 10: 1759
	- particle 11: 1668
	- particle 12: 1696
	- particle 13: 1658
	- particle 14: 1625
	- particle 15: 1620

---------------------------------

