
---------------------------------

>> Final likelihood: -139.121083

>> False negatives: 52 (6.93%)
>> False positives: 0 (0.0%)
>> True negatives: 363 (48.4%)
>> True positives: 249 (33.2%)
>> Added missing values: 86 (11.47%)

---------------------------------

>> PSO completed in 11.824808 seconds
>> Added mutations: 1
	- "4" -> 1

---------------------------------

[Parameters used]
>> Particles: 16
>> Cores: 8
>> Cells: 50
>> Mutations: 15
>> Alpha: 0.15
>> Beta: 1e-05
>> Gamma: 1.0
>> K: 3
>> Max deletions: 3
>> Tolerance: 0.005
>> Max time: inf
>> Iterations:
	- particle 0: 1554
	- particle 1: 1108
	- particle 2: 1645
	- particle 3: 1442
	- particle 4: 1441
	- particle 5: 1667
	- particle 6: 1523
	- particle 7: 1273
	- particle 8: 1554
	- particle 9: 1240
	- particle 10: 1617
	- particle 11: 1423
	- particle 12: 1446
	- particle 13: 1646
	- particle 14: 1533
	- particle 15: 1285

---------------------------------

