
---------------------------------

>> Final likelihood: -150.118813

>> False negatives: 53 (7.07%)
>> False positives: 0 (0.0%)
>> True negatives: 318 (42.4%)
>> True positives: 305 (40.67%)
>> Added missing values: 74 (9.87%)

---------------------------------

>> PSO completed in 9.833488 seconds
>> Added mutations: 1
	- "3" -> 1

---------------------------------

[Parameters used]
>> Particles: 16
>> Cores: 8
>> Cells: 50
>> Mutations: 15
>> Alpha: 0.15
>> Beta: 1e-05
>> Gamma: 1.0
>> K: 3
>> Max deletions: 3
>> Tolerance: 0.005
>> Max time: inf
>> Iterations:
	- particle 0: 1433
	- particle 1: 1130
	- particle 2: 1399
	- particle 3: 1518
	- particle 4: 1521
	- particle 5: 1479
	- particle 6: 1512
	- particle 7: 1479
	- particle 8: 1469
	- particle 9: 1285
	- particle 10: 1399
	- particle 11: 1513
	- particle 12: 1512
	- particle 13: 1496
	- particle 14: 1492
	- particle 15: 1457

---------------------------------

