
---------------------------------

>> Final likelihood: -105.467755

>> False negatives: 40 (5.33%)
>> False positives: 0 (0.0%)
>> True negatives: 451 (60.13%)
>> True positives: 182 (24.27%)
>> Added missing values: 77 (10.27%)

---------------------------------

>> PSO completed in 10.656571 seconds
>> Added mutations: 0

---------------------------------

[Parameters used]
>> Particles: 16
>> Cores: 8
>> Cells: 50
>> Mutations: 15
>> Alpha: 0.15
>> Beta: 1e-05
>> Gamma: 1.0
>> K: 3
>> Max deletions: 3
>> Tolerance: 0.005
>> Max time: inf
>> Iterations:
	- particle 0: 1529
	- particle 1: 1212
	- particle 2: 1565
	- particle 3: 1643
	- particle 4: 1458
	- particle 5: 1570
	- particle 6: 1514
	- particle 7: 1591
	- particle 8: 1499
	- particle 9: 1463
	- particle 10: 1599
	- particle 11: 1615
	- particle 12: 1431
	- particle 13: 1610
	- particle 14: 1495
	- particle 15: 1610

---------------------------------

