
---------------------------------

>> Final likelihood: -124.703840

>> False negatives: 45 (6.0%)
>> False positives: 0 (0.0%)
>> True negatives: 386 (51.47%)
>> True positives: 242 (32.27%)
>> Added missing values: 77 (10.27%)

---------------------------------

>> PSO completed in 9.193331 seconds
>> Added mutations: 1
	- "12" -> 1

---------------------------------

[Parameters used]
>> Particles: 16
>> Cores: 8
>> Cells: 50
>> Mutations: 15
>> Alpha: 0.15
>> Beta: 1e-05
>> Gamma: 1.0
>> K: 3
>> Max deletions: 3
>> Tolerance: 0.005
>> Max time: inf
>> Iterations:
	- particle 0: 1358
	- particle 1: 1029
	- particle 2: 1283
	- particle 3: 1337
	- particle 4: 1346
	- particle 5: 1306
	- particle 6: 1338
	- particle 7: 1296
	- particle 8: 1360
	- particle 9: 1230
	- particle 10: 1292
	- particle 11: 1295
	- particle 12: 1335
	- particle 13: 1319
	- particle 14: 1354
	- particle 15: 1307

---------------------------------

