
---------------------------------

>> Final likelihood: -61.021680

>> False negatives: 17 (2.27%)
>> False positives: 0 (0.0%)
>> True negatives: 479 (63.87%)
>> True positives: 177 (23.6%)
>> Added missing values: 77 (10.27%)

---------------------------------

>> PSO completed in 10.238827 seconds
>> Added mutations: 1
	- "1" -> 1

---------------------------------

[Parameters used]
>> Particles: 16
>> Cores: 8
>> Cells: 50
>> Mutations: 15
>> Alpha: 0.15
>> Beta: 1e-05
>> Gamma: 1.0
>> K: 3
>> Max deletions: 3
>> Tolerance: 0.005
>> Max time: inf
>> Iterations:
	- particle 0: 1563
	- particle 1: 1123
	- particle 2: 1432
	- particle 3: 1449
	- particle 4: 1459
	- particle 5: 1453
	- particle 6: 1547
	- particle 7: 1565
	- particle 8: 1530
	- particle 9: 1454
	- particle 10: 1464
	- particle 11: 1459
	- particle 12: 1453
	- particle 13: 1465
	- particle 14: 1536
	- particle 15: 1556

---------------------------------

