
---------------------------------

>> Final likelihood: -516.634819

>> False negatives: 178 (5.93%)
>> False positives: 0 (0.0%)
>> True negatives: 1412 (47.07%)
>> True positives: 1101 (36.7%)
>> Added missing values: 309 (10.3%)

---------------------------------

>> PSO completed in 12.351487 seconds
>> Added mutations: 0

---------------------------------

[Parameters used]
>> Particles: 16
>> Cores: 8
>> Cells: 100
>> Mutations: 30
>> Alpha: 0.15
>> Beta: 1e-05
>> Gamma: 1.0
>> K: 0
>> Max deletions: 0
>> Tolerance: 0.005
>> Max time: inf
>> Iterations:
	- particle 0: 1365
	- particle 1: 891
	- particle 2: 1197
	- particle 3: 1034
	- particle 4: 1205
	- particle 5: 1088
	- particle 6: 1047
	- particle 7: 1130
	- particle 8: 1337
	- particle 9: 955
	- particle 10: 1172
	- particle 11: 1033
	- particle 12: 1194
	- particle 13: 1094
	- particle 14: 1065
	- particle 15: 1127

---------------------------------

