
---------------------------------

>> Final likelihood: -408.026193

>> False negatives: 133 (4.43%)
>> False positives: 0 (0.0%)
>> True negatives: 1610 (53.67%)
>> True positives: 958 (31.93%)
>> Added missing values: 299 (9.97%)

---------------------------------

>> PSO completed in 12.499655 seconds
>> Added mutations: 0

---------------------------------

[Parameters used]
>> Particles: 16
>> Cores: 8
>> Cells: 100
>> Mutations: 30
>> Alpha: 0.15
>> Beta: 1e-05
>> Gamma: 1.0
>> K: 0
>> Max deletions: 0
>> Tolerance: 0.005
>> Max time: inf
>> Iterations:
	- particle 0: 1167
	- particle 1: 874
	- particle 2: 1195
	- particle 3: 1238
	- particle 4: 1244
	- particle 5: 1094
	- particle 6: 1055
	- particle 7: 1277
	- particle 8: 1155
	- particle 9: 940
	- particle 10: 1187
	- particle 11: 1237
	- particle 12: 1237
	- particle 13: 1089
	- particle 14: 1032
	- particle 15: 1276

---------------------------------

