
---------------------------------

>> Final likelihood: -367.218784

>> False negatives: 118 (3.93%)
>> False positives: 0 (0.0%)
>> True negatives: 1693 (56.43%)
>> True positives: 882 (29.4%)
>> Added missing values: 307 (10.23%)

---------------------------------

>> PSO completed in 17.723701 seconds
>> Added mutations: 0

---------------------------------

[Parameters used]
>> Particles: 16
>> Cores: 8
>> Cells: 100
>> Mutations: 30
>> Alpha: 0.15
>> Beta: 1e-05
>> Gamma: 1.0
>> K: 0
>> Max deletions: 0
>> Tolerance: 0.005
>> Max time: inf
>> Iterations:
	- particle 0: 1769
	- particle 1: 1573
	- particle 2: 1589
	- particle 3: 1903
	- particle 4: 1922
	- particle 5: 1659
	- particle 6: 1901
	- particle 7: 1816
	- particle 8: 1758
	- particle 9: 1675
	- particle 10: 1630
	- particle 11: 1894
	- particle 12: 1902
	- particle 13: 1676
	- particle 14: 1905
	- particle 15: 1813

---------------------------------

