
---------------------------------

>> Final likelihood: -394.922891

>> False negatives: 138 (4.6%)
>> False positives: 0 (0.0%)
>> True negatives: 1733 (57.77%)
>> True positives: 819 (27.3%)
>> Added missing values: 310 (10.33%)

---------------------------------

>> PSO completed in 21.769119 seconds
>> Added mutations: 0

---------------------------------

[Parameters used]
>> Particles: 16
>> Cores: 8
>> Cells: 100
>> Mutations: 30
>> Alpha: 0.15
>> Beta: 1e-05
>> Gamma: 1.0
>> K: 0
>> Max deletions: 0
>> Tolerance: 0.005
>> Max time: inf
>> Iterations:
	- particle 0: 1269
	- particle 1: 1318
	- particle 2: 1357
	- particle 3: 1329
	- particle 4: 1355
	- particle 5: 1351
	- particle 6: 1308
	- particle 7: 1246
	- particle 8: 1279
	- particle 9: 1414
	- particle 10: 1333
	- particle 11: 1315
	- particle 12: 1372
	- particle 13: 1337
	- particle 14: 1302
	- particle 15: 1250

---------------------------------

