
---------------------------------

>> Final likelihood: -200.905448

>> False negatives: 61 (2.03%)
>> False positives: 0 (0.0%)
>> True negatives: 2121 (70.7%)
>> True positives: 524 (17.47%)
>> Added missing values: 294 (9.8%)

---------------------------------

>> PSO completed in 13.274477 seconds
>> Added mutations: 0

---------------------------------

[Parameters used]
>> Particles: 16
>> Cores: 8
>> Cells: 100
>> Mutations: 30
>> Alpha: 0.15
>> Beta: 1e-05
>> Gamma: 1.0
>> K: 0
>> Max deletions: 0
>> Tolerance: 0.005
>> Max time: inf
>> Iterations:
	- particle 0: 1576
	- particle 1: 1188
	- particle 2: 1340
	- particle 3: 1160
	- particle 4: 1560
	- particle 5: 1464
	- particle 6: 1470
	- particle 7: 1514
	- particle 8: 1577
	- particle 9: 1276
	- particle 10: 1353
	- particle 11: 1162
	- particle 12: 1548
	- particle 13: 1441
	- particle 14: 1450
	- particle 15: 1527

---------------------------------

