
---------------------------------

>> Final likelihood: -465.250370

>> False negatives: 151 (5.03%)
>> False positives: 0 (0.0%)
>> True negatives: 1443 (48.1%)
>> True positives: 1100 (36.67%)
>> Added missing values: 306 (10.2%)

---------------------------------

>> PSO completed in 15.529417 seconds
>> Added mutations: 0

---------------------------------

[Parameters used]
>> Particles: 16
>> Cores: 8
>> Cells: 100
>> Mutations: 30
>> Alpha: 0.15
>> Beta: 1e-05
>> Gamma: 1.0
>> K: 0
>> Max deletions: 0
>> Tolerance: 0.005
>> Max time: inf
>> Iterations:
	- particle 0: 1678
	- particle 1: 1104
	- particle 2: 1606
	- particle 3: 1703
	- particle 4: 1392
	- particle 5: 1667
	- particle 6: 1545
	- particle 7: 1694
	- particle 8: 1668
	- particle 9: 1189
	- particle 10: 1618
	- particle 11: 1687
	- particle 12: 1383
	- particle 13: 1681
	- particle 14: 1548
	- particle 15: 1704

---------------------------------

