
---------------------------------

>> Final likelihood: -400.978367

>> False negatives: 128 (4.27%)
>> False positives: 0 (0.0%)
>> True negatives: 1609 (53.63%)
>> True positives: 973 (32.43%)
>> Added missing values: 290 (9.67%)

---------------------------------

>> PSO completed in 9.573257 seconds
>> Added mutations: 0

---------------------------------

[Parameters used]
>> Particles: 16
>> Cores: 8
>> Cells: 100
>> Mutations: 30
>> Alpha: 0.15
>> Beta: 1e-05
>> Gamma: 1.0
>> K: 0
>> Max deletions: 0
>> Tolerance: 0.005
>> Max time: inf
>> Iterations:
	- particle 0: 972
	- particle 1: 860
	- particle 2: 816
	- particle 3: 982
	- particle 4: 972
	- particle 5: 952
	- particle 6: 1078
	- particle 7: 754
	- particle 8: 958
	- particle 9: 959
	- particle 10: 812
	- particle 11: 986
	- particle 12: 963
	- particle 13: 938
	- particle 14: 1050
	- particle 15: 738

---------------------------------

