
---------------------------------

>> Final likelihood: -412.685924

>> False negatives: 134 (4.47%)
>> False positives: 0 (0.0%)
>> True negatives: 1589 (52.97%)
>> True positives: 975 (32.5%)
>> Added missing values: 302 (10.07%)

---------------------------------

>> PSO completed in 10.568571 seconds
>> Added mutations: 0

---------------------------------

[Parameters used]
>> Particles: 16
>> Cores: 8
>> Cells: 100
>> Mutations: 30
>> Alpha: 0.15
>> Beta: 1e-05
>> Gamma: 1.0
>> K: 0
>> Max deletions: 0
>> Tolerance: 0.005
>> Max time: inf
>> Iterations:
	- particle 0: 1120
	- particle 1: 1014
	- particle 2: 1060
	- particle 3: 994
	- particle 4: 790
	- particle 5: 1035
	- particle 6: 1003
	- particle 7: 1029
	- particle 8: 1131
	- particle 9: 1100
	- particle 10: 1049
	- particle 11: 982
	- particle 12: 810
	- particle 13: 1014
	- particle 14: 1014
	- particle 15: 1033

---------------------------------

