
---------------------------------

>> Final likelihood: -337.843657

>> False negatives: 122 (4.07%)
>> False positives: 0 (0.0%)
>> True negatives: 1922 (64.07%)
>> True positives: 634 (21.13%)
>> Added missing values: 322 (10.73%)

---------------------------------

>> PSO completed in 18.880233 seconds
>> Added mutations: 0

---------------------------------

[Parameters used]
>> Particles: 16
>> Cores: 8
>> Cells: 100
>> Mutations: 30
>> Alpha: 0.2
>> Beta: 1e-05
>> Gamma: 1.0
>> K: 3
>> Max deletions: 3
>> Tolerance: 0.005
>> Max time: inf
>> Iterations:
	- particle 0: 2042
	- particle 1: 1674
	- particle 2: 1978
	- particle 3: 2069
	- particle 4: 2142
	- particle 5: 2179
	- particle 6: 2011
	- particle 7: 1978
	- particle 8: 2032
	- particle 9: 1835
	- particle 10: 1976
	- particle 11: 2077
	- particle 12: 2169
	- particle 13: 2171
	- particle 14: 2001
	- particle 15: 1983

---------------------------------

