
---------------------------------

>> Final likelihood: -351.084833

>> False negatives: 133 (4.43%)
>> False positives: 0 (0.0%)
>> True negatives: 1945 (64.83%)
>> True positives: 614 (20.47%)
>> Added missing values: 308 (10.27%)

---------------------------------

>> PSO completed in 17.152313 seconds
>> Added mutations: 0

---------------------------------

[Parameters used]
>> Particles: 16
>> Cores: 8
>> Cells: 100
>> Mutations: 30
>> Alpha: 0.2
>> Beta: 1e-05
>> Gamma: 1.0
>> K: 3
>> Max deletions: 3
>> Tolerance: 0.005
>> Max time: inf
>> Iterations:
	- particle 0: 1792
	- particle 1: 1536
	- particle 2: 1874
	- particle 3: 1856
	- particle 4: 1932
	- particle 5: 1437
	- particle 6: 1844
	- particle 7: 1694
	- particle 8: 1790
	- particle 9: 1658
	- particle 10: 1872
	- particle 11: 1848
	- particle 12: 1918
	- particle 13: 1436
	- particle 14: 1819
	- particle 15: 1703

---------------------------------

