
---------------------------------

>> Final likelihood: -369.125739

>> False negatives: 137 (4.57%)
>> False positives: 0 (0.0%)
>> True negatives: 1914 (63.8%)
>> True positives: 666 (22.2%)
>> Added missing values: 283 (9.43%)

---------------------------------

>> PSO completed in 22.104759 seconds
>> Added mutations: 1
	- "3" -> 1

---------------------------------

[Parameters used]
>> Particles: 16
>> Cores: 8
>> Cells: 100
>> Mutations: 30
>> Alpha: 0.2
>> Beta: 1e-05
>> Gamma: 1.0
>> K: 3
>> Max deletions: 3
>> Tolerance: 0.005
>> Max time: inf
>> Iterations:
	- particle 0: 2292
	- particle 1: 1745
	- particle 2: 2348
	- particle 3: 2378
	- particle 4: 2246
	- particle 5: 2226
	- particle 6: 2198
	- particle 7: 2315
	- particle 8: 2282
	- particle 9: 1951
	- particle 10: 2322
	- particle 11: 2347
	- particle 12: 2238
	- particle 13: 2189
	- particle 14: 2185
	- particle 15: 2319

---------------------------------

