
---------------------------------

>> Final likelihood: -546.941937

>> False negatives: 180 (6.0%)
>> False positives: 13 (0.43%)
>> True negatives: 1989 (66.3%)
>> True positives: 482 (16.07%)
>> Added missing values: 336 (11.2%)

---------------------------------

>> PSO completed in 22.438922 seconds
>> Added mutations: 0

---------------------------------

[Parameters used]
>> Particles: 16
>> Cores: 8
>> Cells: 100
>> Mutations: 30
>> Alpha: 0.2
>> Beta: 1e-05
>> Gamma: 1.0
>> K: 3
>> Max deletions: 3
>> Tolerance: 0.005
>> Max time: inf
>> Iterations:
	- particle 0: 2567
	- particle 1: 1964
	- particle 2: 2239
	- particle 3: 2445
	- particle 4: 2487
	- particle 5: 2528
	- particle 6: 2364
	- particle 7: 2249
	- particle 8: 2561
	- particle 9: 2098
	- particle 10: 2272
	- particle 11: 2435
	- particle 12: 2492
	- particle 13: 2514
	- particle 14: 2364
	- particle 15: 2232

---------------------------------

