
---------------------------------

>> Final likelihood: -531.895436

>> False negatives: 205 (6.83%)
>> False positives: 0 (0.0%)
>> True negatives: 1575 (52.5%)
>> True positives: 905 (30.17%)
>> Added missing values: 315 (10.5%)

---------------------------------

>> PSO completed in 18.407676 seconds
>> Added mutations: 0

---------------------------------

[Parameters used]
>> Particles: 16
>> Cores: 8
>> Cells: 100
>> Mutations: 30
>> Alpha: 0.2
>> Beta: 1e-05
>> Gamma: 1.0
>> K: 3
>> Max deletions: 3
>> Tolerance: 0.005
>> Max time: inf
>> Iterations:
	- particle 0: 1890
	- particle 1: 1524
	- particle 2: 1900
	- particle 3: 1759
	- particle 4: 1889
	- particle 5: 1557
	- particle 6: 1612
	- particle 7: 1908
	- particle 8: 1884
	- particle 9: 1689
	- particle 10: 1926
	- particle 11: 1745
	- particle 12: 1881
	- particle 13: 1547
	- particle 14: 1639
	- particle 15: 1849

---------------------------------

