
---------------------------------

>> Final likelihood: -481.300709

>> False negatives: 178 (5.93%)
>> False positives: 0 (0.0%)
>> True negatives: 1644 (54.8%)
>> True positives: 873 (29.1%)
>> Added missing values: 305 (10.17%)

---------------------------------

>> PSO completed in 22.154684 seconds
>> Added mutations: 0

---------------------------------

[Parameters used]
>> Particles: 16
>> Cores: 8
>> Cells: 100
>> Mutations: 30
>> Alpha: 0.2
>> Beta: 1e-05
>> Gamma: 1.0
>> K: 3
>> Max deletions: 3
>> Tolerance: 0.005
>> Max time: inf
>> Iterations:
	- particle 0: 2274
	- particle 1: 1678
	- particle 2: 2467
	- particle 3: 2130
	- particle 4: 2242
	- particle 5: 2471
	- particle 6: 2309
	- particle 7: 2429
	- particle 8: 2258
	- particle 9: 1826
	- particle 10: 2422
	- particle 11: 2129
	- particle 12: 2232
	- particle 13: 2477
	- particle 14: 2331
	- particle 15: 2430

---------------------------------

