
---------------------------------

>> Final likelihood: -1331.513003

>> False negatives: 493 (4.93%)
>> False positives: 0 (0.0%)
>> True negatives: 6101 (61.01%)
>> True positives: 2411 (24.11%)
>> Added missing values: 995 (9.95%)

---------------------------------

>> PSO completed in 75.374583 seconds
>> Added mutations: 0

---------------------------------

[Parameters used]
>> Particles: 16
>> Cores: 8
>> Cells: 200
>> Mutations: 50
>> Alpha: 0.2
>> Beta: 1e-05
>> Gamma: 1.0
>> K: 0
>> Max deletions: 0
>> Tolerance: 0.005
>> Max time: inf
>> Iterations:
	- particle 0: 3101
	- particle 1: 3114
	- particle 2: 3327
	- particle 3: 3203
	- particle 4: 3186
	- particle 5: 3335
	- particle 6: 3107
	- particle 7: 3210
	- particle 8: 3132
	- particle 9: 3261
	- particle 10: 3344
	- particle 11: 3199
	- particle 12: 3197
	- particle 13: 3327
	- particle 14: 3096
	- particle 15: 3230

---------------------------------

