
---------------------------------

>> Final likelihood: -1777.405089

>> False negatives: 767 (7.67%)
>> False positives: 0 (0.0%)
>> True negatives: 5795 (57.95%)
>> True positives: 2433 (24.33%)
>> Added missing values: 1005 (10.05%)

---------------------------------

>> PSO completed in 74.328238 seconds
>> Added mutations: 0

---------------------------------

[Parameters used]
>> Particles: 16
>> Cores: 8
>> Cells: 200
>> Mutations: 50
>> Alpha: 0.2
>> Beta: 1e-05
>> Gamma: 1.0
>> K: 0
>> Max deletions: 0
>> Tolerance: 0.005
>> Max time: inf
>> Iterations:
	- particle 0: 2571
	- particle 1: 2523
	- particle 2: 2829
	- particle 3: 2726
	- particle 4: 2779
	- particle 5: 2652
	- particle 6: 2721
	- particle 7: 2733
	- particle 8: 2591
	- particle 9: 2655
	- particle 10: 2814
	- particle 11: 2757
	- particle 12: 2769
	- particle 13: 2680
	- particle 14: 2718
	- particle 15: 2743

---------------------------------

