
---------------------------------

>> Final likelihood: -895.507300

>> False negatives: 352 (3.52%)
>> False positives: 0 (0.0%)
>> True negatives: 7156 (71.56%)
>> True positives: 1474 (14.74%)
>> Added missing values: 1018 (10.18%)

---------------------------------

>> PSO completed in 115.788665 seconds
>> Added mutations: 0

---------------------------------

[Parameters used]
>> Particles: 16
>> Cores: 8
>> Cells: 200
>> Mutations: 50
>> Alpha: 0.2
>> Beta: 1e-05
>> Gamma: 1.0
>> K: 0
>> Max deletions: 0
>> Tolerance: 0.005
>> Max time: inf
>> Iterations:
	- particle 0: 4912
	- particle 1: 4613
	- particle 2: 4959
	- particle 3: 4980
	- particle 4: 4891
	- particle 5: 4876
	- particle 6: 4916
	- particle 7: 4890
	- particle 8: 4856
	- particle 9: 4963
	- particle 10: 4956
	- particle 11: 4970
	- particle 12: 4874
	- particle 13: 4982
	- particle 14: 4968
	- particle 15: 4955

---------------------------------

