
---------------------------------

>> Final likelihood: -1111.991876

>> False negatives: 386 (3.86%)
>> False positives: 10 (0.1%)
>> True negatives: 6899 (68.99%)
>> True positives: 1683 (16.83%)
>> Added missing values: 1022 (10.22%)

---------------------------------

>> PSO completed in 74.979635 seconds
>> Added mutations: 0

---------------------------------

[Parameters used]
>> Particles: 16
>> Cores: 8
>> Cells: 200
>> Mutations: 50
>> Alpha: 0.2
>> Beta: 1e-05
>> Gamma: 1.0
>> K: 0
>> Max deletions: 0
>> Tolerance: 0.005
>> Max time: inf
>> Iterations:
	- particle 0: 3309
	- particle 1: 2724
	- particle 2: 3039
	- particle 3: 3355
	- particle 4: 3053
	- particle 5: 2984
	- particle 6: 3014
	- particle 7: 3269
	- particle 8: 3346
	- particle 9: 2959
	- particle 10: 2966
	- particle 11: 3295
	- particle 12: 3045
	- particle 13: 3009
	- particle 14: 3018
	- particle 15: 3332

---------------------------------

