
---------------------------------

>> Final likelihood: -1665.071163

>> False negatives: 624 (6.24%)
>> False positives: 0 (0.0%)
>> True negatives: 5385 (53.85%)
>> True positives: 2961 (29.61%)
>> Added missing values: 1030 (10.3%)

---------------------------------

>> PSO completed in 80.477235 seconds
>> Added mutations: 0

---------------------------------

[Parameters used]
>> Particles: 16
>> Cores: 8
>> Cells: 200
>> Mutations: 50
>> Alpha: 0.2
>> Beta: 1e-05
>> Gamma: 1.0
>> K: 0
>> Max deletions: 0
>> Tolerance: 0.005
>> Max time: inf
>> Iterations:
	- particle 0: 3280
	- particle 1: 3277
	- particle 2: 3497
	- particle 3: 3443
	- particle 4: 3277
	- particle 5: 3400
	- particle 6: 3208
	- particle 7: 3434
	- particle 8: 3262
	- particle 9: 3419
	- particle 10: 3446
	- particle 11: 3383
	- particle 12: 3325
	- particle 13: 3399
	- particle 14: 3206
	- particle 15: 3450

---------------------------------

