
---------------------------------

>> Final likelihood: -1034.985567

>> False negatives: 390 (3.9%)
>> False positives: 0 (0.0%)
>> True negatives: 6780 (67.8%)
>> True positives: 1825 (18.25%)
>> Added missing values: 1005 (10.05%)

---------------------------------

>> PSO completed in 127.833484 seconds
>> Added mutations: 1
	- "3" -> 1

---------------------------------

[Parameters used]
>> Particles: 16
>> Cores: 8
>> Cells: 200
>> Mutations: 50
>> Alpha: 0.2
>> Beta: 1e-05
>> Gamma: 1.0
>> K: 3
>> Max deletions: 3
>> Tolerance: 0.005
>> Max time: inf
>> Iterations:
	- particle 0: 5561
	- particle 1: 5096
	- particle 2: 5601
	- particle 3: 5526
	- particle 4: 5589
	- particle 5: 5701
	- particle 6: 5546
	- particle 7: 5993
	- particle 8: 5601
	- particle 9: 5493
	- particle 10: 5604
	- particle 11: 5575
	- particle 12: 5564
	- particle 13: 5692
	- particle 14: 5487
	- particle 15: 5985

---------------------------------

