
---------------------------------

>> Final likelihood: -854.758963

>> False negatives: 335 (3.35%)
>> False positives: 0 (0.0%)
>> True negatives: 7228 (72.28%)
>> True positives: 1414 (14.14%)
>> Added missing values: 1023 (10.23%)

---------------------------------

>> PSO completed in 75.792454 seconds
>> Added mutations: 1
	- "21" -> 1

---------------------------------

[Parameters used]
>> Particles: 16
>> Cores: 8
>> Cells: 200
>> Mutations: 50
>> Alpha: 0.2
>> Beta: 1e-05
>> Gamma: 1.0
>> K: 3
>> Max deletions: 3
>> Tolerance: 0.005
>> Max time: inf
>> Iterations:
	- particle 0: 3892
	- particle 1: 3290
	- particle 2: 3989
	- particle 3: 3564
	- particle 4: 3581
	- particle 5: 3811
	- particle 6: 3482
	- particle 7: 3615
	- particle 8: 3897
	- particle 9: 3495
	- particle 10: 3970
	- particle 11: 3569
	- particle 12: 3582
	- particle 13: 3796
	- particle 14: 3536
	- particle 15: 3589

---------------------------------

