
---------------------------------

>> Final likelihood: -1415.055758

>> False negatives: 556 (5.56%)
>> False positives: 0 (0.0%)
>> True negatives: 6066 (60.66%)
>> True positives: 2331 (23.31%)
>> Added missing values: 1047 (10.47%)

---------------------------------

>> PSO completed in 98.031559 seconds
>> Added mutations: 0

---------------------------------

[Parameters used]
>> Particles: 16
>> Cores: 8
>> Cells: 200
>> Mutations: 50
>> Alpha: 0.2
>> Beta: 1e-05
>> Gamma: 1.0
>> K: 3
>> Max deletions: 3
>> Tolerance: 0.005
>> Max time: inf
>> Iterations:
	- particle 0: 4533
	- particle 1: 4089
	- particle 2: 4730
	- particle 3: 4798
	- particle 4: 4556
	- particle 5: 4813
	- particle 6: 4542
	- particle 7: 4388
	- particle 8: 4523
	- particle 9: 4253
	- particle 10: 4713
	- particle 11: 4804
	- particle 12: 4569
	- particle 13: 4821
	- particle 14: 4506
	- particle 15: 4365

---------------------------------

