
---------------------------------

>> Final likelihood: -359.969342

>> False negatives: 126 (4.2%)
>> False positives: 0 (0.0%)
>> True negatives: 1814 (60.47%)
>> True positives: 744 (24.8%)
>> Added missing values: 316 (10.53%)

---------------------------------

>> PSO completed in 31.927446 seconds
>> Added mutations: 2
	- "10" -> 1
	- "22" -> 1

---------------------------------

[Parameters used]
>> Particles: 16
>> Cores: 8
>> Cells: 100
>> Mutations: 30
>> Alpha: 0.15
>> Beta: 1e-05
>> Gamma: 1.0
>> K: 3
>> Max deletions: 3
>> Tolerance: 0.005
>> Max time: inf
>> Iterations:
	- particle 0: 3465
	- particle 1: 2633
	- particle 2: 3211
	- particle 3: 3523
	- particle 4: 3816
	- particle 5: 3582
	- particle 6: 3306
	- particle 7: 3860
	- particle 8: 3464
	- particle 9: 2866
	- particle 10: 3226
	- particle 11: 3511
	- particle 12: 3795
	- particle 13: 3586
	- particle 14: 3295
	- particle 15: 3869

---------------------------------

