
---------------------------------

>> Final likelihood: -298.767281

>> False negatives: 88 (2.93%)
>> False positives: 0 (0.0%)
>> True negatives: 1787 (59.57%)
>> True positives: 811 (27.03%)
>> Added missing values: 314 (10.47%)

---------------------------------

>> PSO completed in 27.506062 seconds
>> Added mutations: 2
	- "12" -> 1
	- "16" -> 1

---------------------------------

[Parameters used]
>> Particles: 16
>> Cores: 8
>> Cells: 100
>> Mutations: 30
>> Alpha: 0.15
>> Beta: 1e-05
>> Gamma: 1.0
>> K: 3
>> Max deletions: 3
>> Tolerance: 0.005
>> Max time: inf
>> Iterations:
	- particle 0: 2555
	- particle 1: 2250
	- particle 2: 2595
	- particle 3: 2772
	- particle 4: 2584
	- particle 5: 2576
	- particle 6: 2848
	- particle 7: 2709
	- particle 8: 2512
	- particle 9: 2461
	- particle 10: 2576
	- particle 11: 2751
	- particle 12: 2568
	- particle 13: 2628
	- particle 14: 2862
	- particle 15: 2688

---------------------------------

