
---------------------------------

>> Final likelihood: -456.757451

>> False negatives: 161 (5.37%)
>> False positives: 0 (0.0%)
>> True negatives: 1601 (53.37%)
>> True positives: 931 (31.03%)
>> Added missing values: 307 (10.23%)

---------------------------------

>> PSO completed in 21.299766 seconds
>> Added mutations: 1
	- "3" -> 1

---------------------------------

[Parameters used]
>> Particles: 16
>> Cores: 8
>> Cells: 100
>> Mutations: 30
>> Alpha: 0.15
>> Beta: 1e-05
>> Gamma: 1.0
>> K: 3
>> Max deletions: 3
>> Tolerance: 0.005
>> Max time: inf
>> Iterations:
	- particle 0: 2288
	- particle 1: 1872
	- particle 2: 2268
	- particle 3: 1800
	- particle 4: 2295
	- particle 5: 2353
	- particle 6: 2188
	- particle 7: 2267
	- particle 8: 2239
	- particle 9: 2005
	- particle 10: 2240
	- particle 11: 1806
	- particle 12: 2301
	- particle 13: 2366
	- particle 14: 2176
	- particle 15: 2282

---------------------------------

