
---------------------------------

>> Final likelihood: -349.940000

>> False negatives: 119 (3.97%)
>> False positives: 0 (0.0%)
>> True negatives: 1826 (60.87%)
>> True positives: 764 (25.47%)
>> Added missing values: 291 (9.7%)

---------------------------------

>> PSO completed in 20.174663 seconds
>> Added mutations: 1
	- "6" -> 1

---------------------------------

[Parameters used]
>> Particles: 16
>> Cores: 8
>> Cells: 100
>> Mutations: 30
>> Alpha: 0.15
>> Beta: 1e-05
>> Gamma: 1.0
>> K: 3
>> Max deletions: 3
>> Tolerance: 0.005
>> Max time: inf
>> Iterations:
	- particle 0: 2083
	- particle 1: 1572
	- particle 2: 2422
	- particle 3: 2025
	- particle 4: 1931
	- particle 5: 2083
	- particle 6: 1993
	- particle 7: 1874
	- particle 8: 2091
	- particle 9: 1676
	- particle 10: 2409
	- particle 11: 2029
	- particle 12: 1939
	- particle 13: 2104
	- particle 14: 2000
	- particle 15: 1882

---------------------------------

