
---------------------------------

>> Final likelihood: -390.161748

>> False negatives: 143 (4.77%)
>> False positives: 0 (0.0%)
>> True negatives: 1820 (60.67%)
>> True positives: 717 (23.9%)
>> Added missing values: 320 (10.67%)

---------------------------------

>> PSO completed in 16.869236 seconds
>> Added mutations: 0

---------------------------------

[Parameters used]
>> Particles: 16
>> Cores: 8
>> Cells: 100
>> Mutations: 30
>> Alpha: 0.2
>> Beta: 1e-05
>> Gamma: 1.0
>> K: 0
>> Max deletions: 0
>> Tolerance: 0.005
>> Max time: inf
>> Iterations:
	- particle 0: 1772
	- particle 1: 1286
	- particle 2: 1712
	- particle 3: 1488
	- particle 4: 1591
	- particle 5: 1773
	- particle 6: 1817
	- particle 7: 1724
	- particle 8: 1717
	- particle 9: 1393
	- particle 10: 1714
	- particle 11: 1490
	- particle 12: 1629
	- particle 13: 1800
	- particle 14: 1817
	- particle 15: 1726

---------------------------------

