
---------------------------------

>> Final likelihood: -333.893906

>> False negatives: 114 (3.8%)
>> False positives: 0 (0.0%)
>> True negatives: 1923 (64.1%)
>> True positives: 674 (22.47%)
>> Added missing values: 289 (9.63%)

---------------------------------

>> PSO completed in 19.911514 seconds
>> Added mutations: 0

---------------------------------

[Parameters used]
>> Particles: 16
>> Cores: 8
>> Cells: 100
>> Mutations: 30
>> Alpha: 0.2
>> Beta: 1e-05
>> Gamma: 1.0
>> K: 0
>> Max deletions: 0
>> Tolerance: 0.005
>> Max time: inf
>> Iterations:
	- particle 0: 1799
	- particle 1: 1519
	- particle 2: 1784
	- particle 3: 1959
	- particle 4: 1861
	- particle 5: 1899
	- particle 6: 1910
	- particle 7: 1844
	- particle 8: 1806
	- particle 9: 1668
	- particle 10: 1784
	- particle 11: 1950
	- particle 12: 1862
	- particle 13: 1904
	- particle 14: 1925
	- particle 15: 1850

---------------------------------

