
---------------------------------

>> Final likelihood: -451.600509

>> False negatives: 201 (6.7%)
>> False positives: 0 (0.0%)
>> True negatives: 1909 (63.63%)
>> True positives: 574 (19.13%)
>> Added missing values: 316 (10.53%)

---------------------------------

>> PSO completed in 24.777004 seconds
>> Added mutations: 0

---------------------------------

[Parameters used]
>> Particles: 16
>> Cores: 8
>> Cells: 100
>> Mutations: 30
>> Alpha: 0.2
>> Beta: 1e-05
>> Gamma: 1.0
>> K: 0
>> Max deletions: 0
>> Tolerance: 0.005
>> Max time: inf
>> Iterations:
	- particle 0: 2622
	- particle 1: 1935
	- particle 2: 2638
	- particle 3: 2446
	- particle 4: 2400
	- particle 5: 2514
	- particle 6: 2438
	- particle 7: 2267
	- particle 8: 2599
	- particle 9: 2075
	- particle 10: 2638
	- particle 11: 2446
	- particle 12: 2405
	- particle 13: 2535
	- particle 14: 2450
	- particle 15: 2269

---------------------------------

