
---------------------------------

>> Final likelihood: -334.340173

>> False negatives: 114 (3.8%)
>> False positives: 0 (0.0%)
>> True negatives: 1921 (64.03%)
>> True positives: 676 (22.53%)
>> Added missing values: 289 (9.63%)

---------------------------------

>> PSO completed in 16.053307 seconds
>> Added mutations: 0

---------------------------------

[Parameters used]
>> Particles: 16
>> Cores: 8
>> Cells: 100
>> Mutations: 30
>> Alpha: 0.2
>> Beta: 1e-05
>> Gamma: 1.0
>> K: 0
>> Max deletions: 0
>> Tolerance: 0.005
>> Max time: inf
>> Iterations:
	- particle 0: 1658
	- particle 1: 1158
	- particle 2: 1563
	- particle 3: 1541
	- particle 4: 1825
	- particle 5: 1707
	- particle 6: 1746
	- particle 7: 1633
	- particle 8: 1674
	- particle 9: 1241
	- particle 10: 1606
	- particle 11: 1533
	- particle 12: 1830
	- particle 13: 1695
	- particle 14: 1763
	- particle 15: 1633

---------------------------------

