
---------------------------------

>> Final likelihood: -349.047928

>> False negatives: 123 (4.1%)
>> False positives: 0 (0.0%)
>> True negatives: 1888 (62.93%)
>> True positives: 677 (22.57%)
>> Added missing values: 312 (10.4%)

---------------------------------

>> PSO completed in 13.867628 seconds
>> Added mutations: 0

---------------------------------

[Parameters used]
>> Particles: 16
>> Cores: 8
>> Cells: 100
>> Mutations: 30
>> Alpha: 0.2
>> Beta: 1e-05
>> Gamma: 1.0
>> K: 0
>> Max deletions: 0
>> Tolerance: 0.005
>> Max time: inf
>> Iterations:
	- particle 0: 1220
	- particle 1: 1155
	- particle 2: 1392
	- particle 3: 1368
	- particle 4: 1379
	- particle 5: 1465
	- particle 6: 1035
	- particle 7: 1258
	- particle 8: 1236
	- particle 9: 1240
	- particle 10: 1397
	- particle 11: 1357
	- particle 12: 1344
	- particle 13: 1445
	- particle 14: 1049
	- particle 15: 1263

---------------------------------

